<?xml version="1.0" encoding="UTF-8"?>
<testng-results ignored="0" total="0" passed="0" failed="0" skipped="0">
  <reporter-output>
  </reporter-output>
  <suite started-at="2023-02-26T17:25:01 EET" name="org.example.AppTest" finished-at="2023-02-26T17:25:01 EET" duration-ms="9">
    <groups>
    </groups>
    <test started-at="2023-02-26T17:25:01 EET" name="Command line test" finished-at="2023-02-26T17:25:01 EET" duration-ms="9">
    </test> <!-- Command line test -->
  </suite> <!-- org.example.AppTest -->
</testng-results>
